<?xml version="1.0" encoding="UTF-8"?>
<robot generator="Robot 4.1.2 (Python 3.10.0 on win32)" generated="20211116 23:12:47.312" rpa="false" schemaversion="2">
<suite id="s1" name="FWQAChallenge" source="C:\QA\venv\FWQAChallange\FWQAChallenge.robot">
<test id="s1-t1" name="Testcase1-Register_Fastwork">
<kw name="Sign Up With Email Account" library="FWResource">
<kw name="Open Fastwork" library="FWResource">
<kw name="Open Browser" library="SeleniumLibrary">
<arg>${urlFastwork}</arg>
<arg>Chrome</arg>
<doc>Opens a new browser instance to the optional ``url``.</doc>
<msg timestamp="20211116 23:12:47.590" level="INFO">Opening browser 'Chrome' to base url 'https://staging.fastwork.co'.</msg>
<status status="PASS" starttime="20211116 23:12:47.590" endtime="20211116 23:12:57.044"/>
</kw>
<status status="PASS" starttime="20211116 23:12:47.589" endtime="20211116 23:12:57.044"/>
</kw>
<kw name="Click Link" library="SeleniumLibrary">
<arg>${btnLogin}</arg>
<doc>Clicks a link identified by ``locator``.</doc>
<msg timestamp="20211116 23:12:57.045" level="INFO">Clicking link '//a[@id="login-link"]'.</msg>
<status status="PASS" starttime="20211116 23:12:57.044" endtime="20211116 23:12:58.096"/>
</kw>
<kw name="Click Link" library="SeleniumLibrary">
<arg>${btnSignUp}</arg>
<doc>Clicks a link identified by ``locator``.</doc>
<msg timestamp="20211116 23:12:58.097" level="INFO">Clicking link '//a[@href="/oauth/signup"]'.</msg>
<status status="PASS" starttime="20211116 23:12:58.096" endtime="20211116 23:12:58.906"/>
</kw>
<kw name="Input Text" library="SeleniumLibrary">
<arg>${inpUserName}</arg>
<arg>${txtUserNameE}</arg>
<doc>Types the given ``text`` into the text field identified by ``locator``.</doc>
<msg timestamp="20211116 23:12:58.907" level="INFO">Typing text 'paritbutqapp' into text field '//input[@id="signup-request-username"]'.</msg>
<status status="PASS" starttime="20211116 23:12:58.906" endtime="20211116 23:12:59.042"/>
</kw>
<kw name="Input Text" library="SeleniumLibrary">
<arg>${inpFirstName}</arg>
<arg>${txtFirstName}</arg>
<doc>Types the given ``text`` into the text field identified by ``locator``.</doc>
<msg timestamp="20211116 23:12:59.042" level="INFO">Typing text 'parit' into text field '//input[@id="signup-request-first_name"]'.</msg>
<status status="PASS" starttime="20211116 23:12:59.042" endtime="20211116 23:12:59.128"/>
</kw>
<kw name="Input Text" library="SeleniumLibrary">
<arg>${inpLastName}</arg>
<arg>${txtLastName}</arg>
<doc>Types the given ``text`` into the text field identified by ``locator``.</doc>
<msg timestamp="20211116 23:12:59.128" level="INFO">Typing text 'butqa' into text field '//input[@id="signup-request-last_name"]'.</msg>
<status status="PASS" starttime="20211116 23:12:59.128" endtime="20211116 23:12:59.212"/>
</kw>
<kw name="Input Text" library="SeleniumLibrary">
<arg>${inpEmail}</arg>
<arg>${txtEmailE}</arg>
<doc>Types the given ``text`` into the text field identified by ``locator``.</doc>
<msg timestamp="20211116 23:12:59.213" level="INFO">Typing text 'paritbutqa.pp@gmail.com' into text field '//input[@id="signup-request-email"]'.</msg>
<status status="PASS" starttime="20211116 23:12:59.212" endtime="20211116 23:12:59.317"/>
</kw>
<kw name="Input Text" library="SeleniumLibrary">
<arg>${inpPassword}</arg>
<arg>${txtPassword}</arg>
<doc>Types the given ``text`` into the text field identified by ``locator``.</doc>
<msg timestamp="20211116 23:12:59.317" level="INFO">Typing text 'paritbutqa666' into text field '//input[@id="signup-request-password"]'.</msg>
<status status="PASS" starttime="20211116 23:12:59.317" endtime="20211116 23:12:59.407"/>
</kw>
<kw name="Input Text" library="SeleniumLibrary">
<arg>${inpConfPassword}</arg>
<arg>${txtPassword}</arg>
<doc>Types the given ``text`` into the text field identified by ``locator``.</doc>
<msg timestamp="20211116 23:12:59.407" level="INFO">Typing text 'paritbutqa666' into text field '//input[@id="signup-request-confirm_password"]'.</msg>
<status status="PASS" starttime="20211116 23:12:59.407" endtime="20211116 23:12:59.501"/>
</kw>
<kw name="Input Text" library="SeleniumLibrary">
<arg>${inpPhoneNo}</arg>
<arg>${txtPhoneNo}</arg>
<doc>Types the given ``text`` into the text field identified by ``locator``.</doc>
<msg timestamp="20211116 23:12:59.501" level="INFO">Typing text '0947849669' into text field '//input[@id="signup-request-phone_number"]'.</msg>
<status status="PASS" starttime="20211116 23:12:59.501" endtime="20211116 23:12:59.592"/>
</kw>
<kw name="Click Button" library="SeleniumLibrary">
<arg>${chkboxTCConsent}</arg>
<doc>Clicks the button identified by ``locator``.</doc>
<msg timestamp="20211116 23:12:59.592" level="INFO">Clicking button '//input[@id="post-TCConsent"]'.</msg>
<status status="PASS" starttime="20211116 23:12:59.592" endtime="20211116 23:12:59.659"/>
</kw>
<kw name="Click Button" library="SeleniumLibrary">
<arg>${chkboxPPConsent}</arg>
<doc>Clicks the button identified by ``locator``.</doc>
<msg timestamp="20211116 23:12:59.660" level="INFO">Clicking button '//input[@id="post-PPConsent"]'.</msg>
<status status="PASS" starttime="20211116 23:12:59.659" endtime="20211116 23:12:59.729"/>
</kw>
<kw name="Click Button" library="SeleniumLibrary">
<arg>${btnConfirmSignUp}</arg>
<doc>Clicks the button identified by ``locator``.</doc>
<msg timestamp="20211116 23:12:59.730" level="INFO">Clicking button '//button[@class="signup-btn tb-button -fluid _mgt-24px"]'.</msg>
<status status="PASS" starttime="20211116 23:12:59.729" endtime="20211116 23:13:00.704"/>
</kw>
<kw name="Element Should Be Visible" library="SeleniumLibrary">
<arg>${formConfirmEmail}</arg>
<doc>Verifies that the element identified by ``locator`` is visible.</doc>
<msg timestamp="20211116 23:13:00.816" level="INFO">Element '//form[@id="verify-account-request-form"]' is displayed.</msg>
<status status="PASS" starttime="20211116 23:13:00.704" endtime="20211116 23:13:00.816"/>
</kw>
<kw name="CloseDown" library="FWResource">
<kw name="Close Browser" library="SeleniumLibrary">
<doc>Closes the current browser.</doc>
<status status="PASS" starttime="20211116 23:13:00.817" endtime="20211116 23:13:03.060"/>
</kw>
<status status="PASS" starttime="20211116 23:13:00.816" endtime="20211116 23:13:03.060"/>
</kw>
<status status="PASS" starttime="20211116 23:12:47.589" endtime="20211116 23:13:03.060"/>
</kw>
<kw name="Sign up with email account that had been registered" library="FWResource">
<kw name="Open Fastwork" library="FWResource">
<kw name="Open Browser" library="SeleniumLibrary">
<arg>${urlFastwork}</arg>
<arg>Chrome</arg>
<doc>Opens a new browser instance to the optional ``url``.</doc>
<msg timestamp="20211116 23:13:03.061" level="INFO">Opening browser 'Chrome' to base url 'https://staging.fastwork.co'.</msg>
<status status="PASS" starttime="20211116 23:13:03.061" endtime="20211116 23:13:11.981"/>
</kw>
<status status="PASS" starttime="20211116 23:13:03.061" endtime="20211116 23:13:11.982"/>
</kw>
<kw name="Click Link" library="SeleniumLibrary">
<arg>${btnLogin}</arg>
<doc>Clicks a link identified by ``locator``.</doc>
<msg timestamp="20211116 23:13:11.982" level="INFO">Clicking link '//a[@id="login-link"]'.</msg>
<status status="PASS" starttime="20211116 23:13:11.982" endtime="20211116 23:13:12.848"/>
</kw>
<kw name="Click Link" library="SeleniumLibrary">
<arg>${btnSignUp}</arg>
<doc>Clicks a link identified by ``locator``.</doc>
<msg timestamp="20211116 23:13:12.849" level="INFO">Clicking link '//a[@href="/oauth/signup"]'.</msg>
<status status="PASS" starttime="20211116 23:13:12.848" endtime="20211116 23:13:13.800"/>
</kw>
<kw name="Input Text" library="SeleniumLibrary">
<arg>${inpUserName}</arg>
<arg>${txtUserName}</arg>
<doc>Types the given ``text`` into the text field identified by ``locator``.</doc>
<msg timestamp="20211116 23:13:13.800" level="INFO">Typing text 'paritbutqap' into text field '//input[@id="signup-request-username"]'.</msg>
<status status="PASS" starttime="20211116 23:13:13.800" endtime="20211116 23:13:13.934"/>
</kw>
<kw name="Input Text" library="SeleniumLibrary">
<arg>${inpFirstName}</arg>
<arg>${txtFirstName}</arg>
<doc>Types the given ``text`` into the text field identified by ``locator``.</doc>
<msg timestamp="20211116 23:13:13.934" level="INFO">Typing text 'parit' into text field '//input[@id="signup-request-first_name"]'.</msg>
<status status="PASS" starttime="20211116 23:13:13.934" endtime="20211116 23:13:14.028"/>
</kw>
<kw name="Input Text" library="SeleniumLibrary">
<arg>${inpLastName}</arg>
<arg>${txtLastName}</arg>
<doc>Types the given ``text`` into the text field identified by ``locator``.</doc>
<msg timestamp="20211116 23:13:14.028" level="INFO">Typing text 'butqa' into text field '//input[@id="signup-request-last_name"]'.</msg>
<status status="PASS" starttime="20211116 23:13:14.028" endtime="20211116 23:13:14.116"/>
</kw>
<kw name="Input Text" library="SeleniumLibrary">
<arg>${inpEmail}</arg>
<arg>${txtEmail}</arg>
<doc>Types the given ``text`` into the text field identified by ``locator``.</doc>
<msg timestamp="20211116 23:13:14.117" level="INFO">Typing text 'paritbutqa.p@gmail.com' into text field '//input[@id="signup-request-email"]'.</msg>
<status status="PASS" starttime="20211116 23:13:14.116" endtime="20211116 23:13:14.232"/>
</kw>
<kw name="Input Text" library="SeleniumLibrary">
<arg>${inpPassword}</arg>
<arg>${txtPassword}</arg>
<doc>Types the given ``text`` into the text field identified by ``locator``.</doc>
<msg timestamp="20211116 23:13:14.232" level="INFO">Typing text 'paritbutqa666' into text field '//input[@id="signup-request-password"]'.</msg>
<status status="PASS" starttime="20211116 23:13:14.232" endtime="20211116 23:13:14.327"/>
</kw>
<kw name="Input Text" library="SeleniumLibrary">
<arg>${inpConfPassword}</arg>
<arg>${txtPassword}</arg>
<doc>Types the given ``text`` into the text field identified by ``locator``.</doc>
<msg timestamp="20211116 23:13:14.328" level="INFO">Typing text 'paritbutqa666' into text field '//input[@id="signup-request-confirm_password"]'.</msg>
<status status="PASS" starttime="20211116 23:13:14.327" endtime="20211116 23:13:14.422"/>
</kw>
<kw name="Input Text" library="SeleniumLibrary">
<arg>${inpPhoneNo}</arg>
<arg>${txtPhoneNo}</arg>
<doc>Types the given ``text`` into the text field identified by ``locator``.</doc>
<msg timestamp="20211116 23:13:14.422" level="INFO">Typing text '0947849669' into text field '//input[@id="signup-request-phone_number"]'.</msg>
<status status="PASS" starttime="20211116 23:13:14.422" endtime="20211116 23:13:14.513"/>
</kw>
<kw name="Click Button" library="SeleniumLibrary">
<arg>${chkboxTCConsent}</arg>
<doc>Clicks the button identified by ``locator``.</doc>
<msg timestamp="20211116 23:13:14.513" level="INFO">Clicking button '//input[@id="post-TCConsent"]'.</msg>
<status status="PASS" starttime="20211116 23:13:14.513" endtime="20211116 23:13:14.580"/>
</kw>
<kw name="Click Button" library="SeleniumLibrary">
<arg>${chkboxPPConsent}</arg>
<doc>Clicks the button identified by ``locator``.</doc>
<msg timestamp="20211116 23:13:14.581" level="INFO">Clicking button '//input[@id="post-PPConsent"]'.</msg>
<status status="PASS" starttime="20211116 23:13:14.580" endtime="20211116 23:13:14.653"/>
</kw>
<kw name="Click Button" library="SeleniumLibrary">
<arg>${btnConfirmSignUp}</arg>
<doc>Clicks the button identified by ``locator``.</doc>
<msg timestamp="20211116 23:13:14.654" level="INFO">Clicking button '//button[@class="signup-btn tb-button -fluid _mgt-24px"]'.</msg>
<status status="PASS" starttime="20211116 23:13:14.653" endtime="20211116 23:13:15.670"/>
</kw>
<kw name="Element Should Be Visible" library="SeleniumLibrary">
<arg>${errorEmailAlreadyExist}</arg>
<doc>Verifies that the element identified by ``locator`` is visible.</doc>
<msg timestamp="20211116 23:13:15.715" level="INFO">Element '//div[@class="invalid-feedback help-block"]' is displayed.</msg>
<status status="PASS" starttime="20211116 23:13:15.670" endtime="20211116 23:13:15.715"/>
</kw>
<kw name="CloseDown" library="FWResource">
<kw name="Close Browser" library="SeleniumLibrary">
<doc>Closes the current browser.</doc>
<status status="PASS" starttime="20211116 23:13:15.716" endtime="20211116 23:13:18.024"/>
</kw>
<status status="PASS" starttime="20211116 23:13:15.715" endtime="20211116 23:13:18.024"/>
</kw>
<status status="PASS" starttime="20211116 23:13:03.060" endtime="20211116 23:13:18.024"/>
</kw>
<status status="PASS" starttime="20211116 23:12:47.588" endtime="20211116 23:13:18.025"/>
</test>
<test id="s1-t2" name="Testcase2-Signin_Fastwork">
<kw name="Sign In With Email Account" library="FWResource">
<kw name="Open Fastwork" library="FWResource">
<kw name="Open Browser" library="SeleniumLibrary">
<arg>${urlFastwork}</arg>
<arg>Chrome</arg>
<doc>Opens a new browser instance to the optional ``url``.</doc>
<msg timestamp="20211116 23:13:18.026" level="INFO">Opening browser 'Chrome' to base url 'https://staging.fastwork.co'.</msg>
<status status="PASS" starttime="20211116 23:13:18.026" endtime="20211116 23:13:26.045"/>
</kw>
<status status="PASS" starttime="20211116 23:13:18.026" endtime="20211116 23:13:26.045"/>
</kw>
<kw name="Click Link" library="SeleniumLibrary">
<arg>${btnLogin}</arg>
<doc>Clicks a link identified by ``locator``.</doc>
<msg timestamp="20211116 23:13:26.046" level="INFO">Clicking link '//a[@id="login-link"]'.</msg>
<status status="PASS" starttime="20211116 23:13:26.045" endtime="20211116 23:13:27.169"/>
</kw>
<kw name="Input Text" library="SeleniumLibrary">
<arg>${inpEmailSignin}</arg>
<arg>${txtEmail}</arg>
<doc>Types the given ``text`` into the text field identified by ``locator``.</doc>
<msg timestamp="20211116 23:13:27.169" level="INFO">Typing text 'paritbutqa.p@gmail.com' into text field '//input[@type="text"]'.</msg>
<status status="PASS" starttime="20211116 23:13:27.169" endtime="20211116 23:13:27.301"/>
</kw>
<kw name="Click Button" library="SeleniumLibrary">
<arg>${btnNextSighup}</arg>
<doc>Clicks the button identified by ``locator``.</doc>
<msg timestamp="20211116 23:13:27.301" level="INFO">Clicking button '//button[@class="tb-button -fluid _mgt-12px"]'.</msg>
<status status="PASS" starttime="20211116 23:13:27.301" endtime="20211116 23:13:28.340"/>
</kw>
<kw name="Input Text" library="SeleniumLibrary">
<arg>${inpPasswordSignIn}</arg>
<arg>${txtPassword}</arg>
<doc>Types the given ``text`` into the text field identified by ``locator``.</doc>
<msg timestamp="20211116 23:13:28.341" level="INFO">Typing text 'paritbutqa666' into text field '//input[@id="signin-request-Password"]'.</msg>
<status status="PASS" starttime="20211116 23:13:28.340" endtime="20211116 23:13:28.462"/>
</kw>
<kw name="Click Button" library="SeleniumLibrary">
<arg>${btnSignIn}</arg>
<doc>Clicks the button identified by ``locator``.</doc>
<msg timestamp="20211116 23:13:28.463" level="INFO">Clicking button '//button[@class="tb-button -fluid"]'.</msg>
<status status="PASS" starttime="20211116 23:13:28.463" endtime="20211116 23:13:30.896"/>
</kw>
<kw name="Sleep" library="BuiltIn">
<arg>3s</arg>
<doc>Pauses the test executed for the given time.</doc>
<msg timestamp="20211116 23:13:33.899" level="INFO">Slept 3 seconds</msg>
<status status="PASS" starttime="20211116 23:13:30.896" endtime="20211116 23:13:33.899"/>
</kw>
<kw name="Wait Until Element Is Visible" library="SeleniumLibrary">
<arg>${iBell}</arg>
<doc>Waits until the element ``locator`` is visible.</doc>
<status status="PASS" starttime="20211116 23:13:33.899" endtime="20211116 23:13:38.057"/>
</kw>
<kw name="CloseDown" library="FWResource">
<kw name="Close Browser" library="SeleniumLibrary">
<doc>Closes the current browser.</doc>
<status status="PASS" starttime="20211116 23:13:38.058" endtime="20211116 23:13:40.280"/>
</kw>
<status status="PASS" starttime="20211116 23:13:38.058" endtime="20211116 23:13:40.280"/>
</kw>
<status status="PASS" starttime="20211116 23:13:18.025" endtime="20211116 23:13:40.281"/>
</kw>
<kw name="Sign In With Google Account" library="FWResource">
<kw name="Open Fastwork" library="FWResource">
<kw name="Open Browser" library="SeleniumLibrary">
<arg>${urlFastwork}</arg>
<arg>Chrome</arg>
<doc>Opens a new browser instance to the optional ``url``.</doc>
<msg timestamp="20211116 23:13:40.282" level="INFO">Opening browser 'Chrome' to base url 'https://staging.fastwork.co'.</msg>
<status status="PASS" starttime="20211116 23:13:40.281" endtime="20211116 23:13:48.447"/>
</kw>
<status status="PASS" starttime="20211116 23:13:40.281" endtime="20211116 23:13:48.447"/>
</kw>
<kw name="Click Link" library="SeleniumLibrary">
<arg>${btnLogin}</arg>
<doc>Clicks a link identified by ``locator``.</doc>
<msg timestamp="20211116 23:13:48.448" level="INFO">Clicking link '//a[@id="login-link"]'.</msg>
<status status="PASS" starttime="20211116 23:13:48.447" endtime="20211116 23:13:49.442"/>
</kw>
<kw name="Click Link" library="SeleniumLibrary">
<arg>${btnGoogleSignin}</arg>
<doc>Clicks a link identified by ``locator``.</doc>
<msg timestamp="20211116 23:13:49.442" level="INFO">Clicking link '//a[@href="/auth/google"]'.</msg>
<status status="PASS" starttime="20211116 23:13:49.442" endtime="20211116 23:13:50.793"/>
</kw>
<kw name="Input Text" library="SeleniumLibrary">
<arg>${inpGoogleSignup}</arg>
<arg>${txtEmail}</arg>
<doc>Types the given ``text`` into the text field identified by ``locator``.</doc>
<msg timestamp="20211116 23:13:50.794" level="INFO">Typing text 'paritbutqa.p@gmail.com' into text field '//input[@type="email"]'.</msg>
<status status="PASS" starttime="20211116 23:13:50.793" endtime="20211116 23:13:51.337"/>
</kw>
<kw name="Click Button" library="SeleniumLibrary">
<arg>${btnNext}</arg>
<doc>Clicks the button identified by ``locator``.</doc>
<msg timestamp="20211116 23:13:51.338" level="INFO">Clicking button '//button[@class="VfPpkd-LgbsSe VfPpkd-LgbsSe-OWXEXe-k8QpJ VfPpkd-LgbsSe-OWXEXe-dgl2Hf nCP5yc AjY5Oe DuMIQc qIypjc TrZEUc lw1w4b"]'.</msg>
<status status="PASS" starttime="20211116 23:13:51.338" endtime="20211116 23:13:51.412"/>
</kw>
<kw name="Wait Until Element Is Visible" library="SeleniumLibrary">
<arg>${inpGooglePassword}</arg>
<doc>Waits until the element ``locator`` is visible.</doc>
<status status="PASS" starttime="20211116 23:13:51.413" endtime="20211116 23:13:52.612"/>
</kw>
<kw name="Input Text" library="SeleniumLibrary">
<arg>${inpGooglePassword}</arg>
<arg>${txtPassword}</arg>
<doc>Types the given ``text`` into the text field identified by ``locator``.</doc>
<msg timestamp="20211116 23:13:52.612" level="INFO">Typing text 'paritbutqa666' into text field '//input[@type="password"]'.</msg>
<status status="PASS" starttime="20211116 23:13:52.612" endtime="20211116 23:13:52.723"/>
</kw>
<kw name="Click Button" library="SeleniumLibrary">
<arg>${btnNext}</arg>
<doc>Clicks the button identified by ``locator``.</doc>
<msg timestamp="20211116 23:13:52.724" level="INFO">Clicking button '//button[@class="VfPpkd-LgbsSe VfPpkd-LgbsSe-OWXEXe-k8QpJ VfPpkd-LgbsSe-OWXEXe-dgl2Hf nCP5yc AjY5Oe DuMIQc qIypjc TrZEUc lw1w4b"]'.</msg>
<status status="PASS" starttime="20211116 23:13:52.724" endtime="20211116 23:13:52.791"/>
</kw>
<kw name="Sleep" library="BuiltIn">
<arg>3s</arg>
<doc>Pauses the test executed for the given time.</doc>
<msg timestamp="20211116 23:13:55.791" level="INFO">Slept 3 seconds</msg>
<status status="PASS" starttime="20211116 23:13:52.791" endtime="20211116 23:13:55.791"/>
</kw>
<kw name="Wait Until Element Is Visible" library="SeleniumLibrary">
<arg>${iBell}</arg>
<doc>Waits until the element ``locator`` is visible.</doc>
<status status="PASS" starttime="20211116 23:13:55.791" endtime="20211116 23:14:05.091"/>
</kw>
<kw name="CloseDown" library="FWResource">
<kw name="Close Browser" library="SeleniumLibrary">
<doc>Closes the current browser.</doc>
<status status="PASS" starttime="20211116 23:14:05.091" endtime="20211116 23:14:07.412"/>
</kw>
<status status="PASS" starttime="20211116 23:14:05.091" endtime="20211116 23:14:07.412"/>
</kw>
<status status="PASS" starttime="20211116 23:13:40.281" endtime="20211116 23:14:07.412"/>
</kw>
<status status="PASS" starttime="20211116 23:13:18.025" endtime="20211116 23:14:07.412"/>
</test>
<test id="s1-t3" name="Testcase3-Testcase3-Testcase3-Search_System">
<kw name="Search by typing keyword" library="FWResource">
<kw name="Open Fastwork Search" library="FWResource">
<kw name="Open Browser" library="SeleniumLibrary">
<arg>${urlFastworkSearch}</arg>
<arg>Chrome</arg>
<doc>Opens a new browser instance to the optional ``url``.</doc>
<msg timestamp="20211116 23:14:07.414" level="INFO">Opening browser 'Chrome' to base url 'https://staging.fastwork.co/search'.</msg>
<status status="PASS" starttime="20211116 23:14:07.414" endtime="20211116 23:14:15.237"/>
</kw>
<status status="PASS" starttime="20211116 23:14:07.414" endtime="20211116 23:14:15.237"/>
</kw>
<kw name="Input Text" library="SeleniumLibrary">
<arg>${inpSearch}</arg>
<arg>${txtSearch}</arg>
<doc>Types the given ``text`` into the text field identified by ``locator``.</doc>
<msg timestamp="20211116 23:14:15.238" level="INFO">Typing text 'แบมแบม' into text field '//input[@data-selenium="navigation-bar.input.search"]'.</msg>
<status status="PASS" starttime="20211116 23:14:15.238" endtime="20211116 23:14:15.337"/>
</kw>
<kw name="Press Keys" library="SeleniumLibrary">
<arg>${inpSearch}</arg>
<arg>ENTER</arg>
<doc>Simulates the user pressing key(s) to an element or on the active browser.</doc>
<msg timestamp="20211116 23:14:15.337" level="INFO">Sending key(s) ('ENTER',) to //input[@data-selenium="navigation-bar.input.search"] element.</msg>
<msg timestamp="20211116 23:14:15.630" level="INFO">Pressing special key ENTER to element.</msg>
<msg timestamp="20211116 23:14:15.630" level="INFO">Releasing special key ENTER.</msg>
<status status="PASS" starttime="20211116 23:14:15.337" endtime="20211116 23:14:15.647"/>
</kw>
<kw name="Wait Until Element Contains" library="SeleniumLibrary">
<arg>${labelSearch}</arg>
<arg>${txtSearch}</arg>
<doc>Waits until the element ``locator`` contains ``text``.</doc>
<status status="PASS" starttime="20211116 23:14:15.647" endtime="20211116 23:14:17.007"/>
</kw>
<kw name="Wait Until Element Is Visible" library="SeleniumLibrary">
<arg>${cardProduct}</arg>
<doc>Waits until the element ``locator`` is visible.</doc>
<status status="PASS" starttime="20211116 23:14:17.007" endtime="20211116 23:14:17.051"/>
</kw>
<status status="PASS" starttime="20211116 23:14:07.413" endtime="20211116 23:14:17.051"/>
</kw>
<kw name="Search by typing keyword that doesn't exist" library="FWResource">
<kw name="Input Text" library="SeleniumLibrary">
<arg>${inpSearch}</arg>
<arg>${txtSearchNotFound}</arg>
<doc>Types the given ``text`` into the text field identified by ``locator``.</doc>
<msg timestamp="20211116 23:14:17.052" level="INFO">Typing text 'llumllum' into text field '//input[@data-selenium="navigation-bar.input.search"]'.</msg>
<status status="PASS" starttime="20211116 23:14:17.052" endtime="20211116 23:14:17.115"/>
</kw>
<kw name="Press Keys" library="SeleniumLibrary">
<arg>${inpSearch}</arg>
<arg>ENTER</arg>
<doc>Simulates the user pressing key(s) to an element or on the active browser.</doc>
<msg timestamp="20211116 23:14:17.116" level="INFO">Sending key(s) ('ENTER',) to //input[@data-selenium="navigation-bar.input.search"] element.</msg>
<msg timestamp="20211116 23:14:17.410" level="INFO">Pressing special key ENTER to element.</msg>
<msg timestamp="20211116 23:14:17.410" level="INFO">Releasing special key ENTER.</msg>
<status status="PASS" starttime="20211116 23:14:17.115" endtime="20211116 23:14:17.554"/>
</kw>
<kw name="Wait Until Element Contains" library="SeleniumLibrary">
<arg>${labelSearch}</arg>
<arg>${txtSearchNotFound}</arg>
<doc>Waits until the element ``locator`` contains ``text``.</doc>
<status status="PASS" starttime="20211116 23:14:17.554" endtime="20211116 23:14:17.567"/>
</kw>
<kw name="Wait Until Element Contains" library="SeleniumLibrary">
<arg>${labelSearchNotFound}</arg>
<arg>0</arg>
<doc>Waits until the element ``locator`` contains ``text``.</doc>
<status status="PASS" starttime="20211116 23:14:17.567" endtime="20211116 23:14:17.589"/>
</kw>
<kw name="CloseDown" library="FWResource">
<kw name="Close Browser" library="SeleniumLibrary">
<doc>Closes the current browser.</doc>
<status status="PASS" starttime="20211116 23:14:17.590" endtime="20211116 23:14:19.938"/>
</kw>
<status status="PASS" starttime="20211116 23:14:17.590" endtime="20211116 23:14:19.938"/>
</kw>
<status status="PASS" starttime="20211116 23:14:17.051" endtime="20211116 23:14:19.939"/>
</kw>
<status status="PASS" starttime="20211116 23:14:07.413" endtime="20211116 23:14:19.939"/>
</test>
<status status="PASS" starttime="20211116 23:12:47.313" endtime="20211116 23:14:19.939"/>
</suite>
<statistics>
<total>
<stat pass="3" fail="0" skip="0">All Tests</stat>
</total>
<tag>
</tag>
<suite>
<stat pass="3" fail="0" skip="0" id="s1" name="FWQAChallenge">FWQAChallenge</stat>
</suite>
</statistics>
<errors>
</errors>
</robot>
